This is XeTeX, Version 3.14159265-2.6-0.99998 (MiKTeX 2.9.6500 64-bit) (preloaded format=xelatex 2018.7.17)  30 NOV 2018 07:35
entering extended mode
**./baocao.tex
(baocao.tex
LaTeX2e <2017-04-15>
Babel <3.15> and hyphenation patterns for 75 language(s) loaded.
(hcmutarticle.cls
Document Class: hcmutarticle 
("C:\Program Files\MiKTeX 2.9\tex\latex\base\article.cls"
Document Class: article 2014/09/29 v1.4h Standard LaTeX document class
("C:\Program Files\MiKTeX 2.9\tex\latex\base\size10.clo"
File: size10.clo 2014/09/29 v1.4h Standard LaTeX file (size option)
)
\c@part=\count79
\c@section=\count80
\c@subsection=\count81
\c@subsubsection=\count82
\c@paragraph=\count83
\c@subparagraph=\count84
\c@figure=\count85
\c@table=\count86
\abovecaptionskip=\skip41
\belowcaptionskip=\skip42
\bibindent=\dimen102
)
("C:\Program Files\MiKTeX 2.9\tex\latex\tools\multicol.sty"
Package: multicol 2017/04/11 v1.8q multicolumn formatting (FMi)
\c@tracingmulticols=\count87
\mult@box=\box26
\multicol@leftmargin=\dimen103
\c@unbalance=\count88
\c@collectmore=\count89
\doublecol@number=\count90
\multicoltolerance=\count91
\multicolpretolerance=\count92
\full@width=\dimen104
\page@free=\dimen105
\premulticols=\dimen106
\postmulticols=\dimen107
\multicolsep=\skip43
\multicolbaselineskip=\skip44
\partial@page=\box27
\last@line=\box28
\maxbalancingoverflow=\dimen108
\mult@rightbox=\box29
\mult@grightbox=\box30
\mult@gfirstbox=\box31
\mult@firstbox=\box32
\@tempa=\box33
\@tempa=\box34
\@tempa=\box35
\@tempa=\box36
\@tempa=\box37
\@tempa=\box38
\@tempa=\box39
\@tempa=\box40
\@tempa=\box41
\@tempa=\box42
\@tempa=\box43
\@tempa=\box44
\@tempa=\box45
\@tempa=\box46
\@tempa=\box47
\@tempa=\box48
\@tempa=\box49
\c@columnbadness=\count93
\c@finalcolumnbadness=\count94
\last@try=\dimen109
\multicolovershoot=\dimen110
\multicolundershoot=\dimen111
\mult@nat@firstbox=\box50
\colbreak@box=\box51
\mc@col@check@num=\count95
)
("C:\Program Files\MiKTeX 2.9\tex\latex\oberdiek\aliascnt.sty"
Package: aliascnt 2016/05/16 v1.4 Alias counters (HO)

("C:\Program Files\MiKTeX 2.9\tex\latex\carlisle\remreset.sty"))
("C:\Program Files\MiKTeX 2.9\tex\latex\vntex\vntex.sty"
Package: vntex 2009/07/12 v1.1 support for Vietnamese

("C:\Program Files\MiKTeX 2.9\tex\latex\base\ifthen.sty"
Package: ifthen 2014/09/29 v1.1c Standard LaTeX ifthen package (DPC)
)
("C:\Program Files\MiKTeX 2.9\tex\latex\base\fontenc.sty"
Package: fontenc 2017/04/05 v2.0i Standard LaTeX package

("C:\Program Files\MiKTeX 2.9\tex\latex\vntex\t5enc.def"
File: t5enc.def 2006/11/21 v1.4 Vietnamese T5 encoding
)
LaTeX Font Info:    Try loading font information for T5+lmr on input line 105.

("C:\Program Files\MiKTeX 2.9\tex\latex\lm\t5lmr.fd"
File: t5lmr.fd 2009/10/30 v1.6 Font defs for Latin Modern
))
("C:\Program Files\MiKTeX 2.9\tex\latex\base\inputenc.sty"
Package: inputenc 2015/03/17 v1.2c Input encoding file
\inpenc@prehook=\toks14
\inpenc@posthook=\toks15


Package inputenc Warning: inputenc package ignored with utf8 based engines.

) ("C:\Program Files\MiKTeX 2.9\tex\latex\vntex\vncaps.tex"
File: vncaps.tex 2006/06/07 v1.1 Captions in Vietnamese
))
("C:\Program Files\MiKTeX 2.9\tex\latex\graphics\graphicx.sty"
Package: graphicx 2017/06/01 v1.1a Enhanced LaTeX Graphics (DPC,SPQR)

("C:\Program Files\MiKTeX 2.9\tex\latex\graphics\keyval.sty"
Package: keyval 2014/10/28 v1.15 key=value parser (DPC)
\KV@toks@=\toks16
)
("C:\Program Files\MiKTeX 2.9\tex\latex\graphics\graphics.sty"
Package: graphics 2017/06/25 v1.2c Standard LaTeX Graphics (DPC,SPQR)

("C:\Program Files\MiKTeX 2.9\tex\latex\graphics\trig.sty"
Package: trig 2016/01/03 v1.10 sin cos tan (DPC)
)
("C:\Program Files\MiKTeX 2.9\tex\latex\graphics-cfg\graphics.cfg"
File: graphics.cfg 2016/06/04 v1.11 sample graphics configuration
)
Package graphics Info: Driver file: xetex.def on input line 99.

("C:\Program Files\MiKTeX 2.9\tex\latex\graphics-def\xetex.def"
File: xetex.def 2017/06/24 v5.0h Graphics/color driver for xetex
))
\Gin@req@height=\dimen112
\Gin@req@width=\dimen113
)
("C:\Program Files\MiKTeX 2.9\tex\latex\amsfonts\amsfonts.sty"
Package: amsfonts 2013/01/14 v3.01 Basic AMSFonts support
\@emptytoks=\toks17
\symAMSa=\mathgroup4
\symAMSb=\mathgroup5
LaTeX Font Info:    Overwriting math alphabet `\mathfrak' in version `bold'
(Font)                  U/euf/m/n --> U/euf/b/n on input line 106.
)
("C:\Program Files\MiKTeX 2.9\tex\latex\amsmath\amsmath.sty"
Package: amsmath 2017/09/02 v2.17a AMS math features
\@mathmargin=\skip45

For additional information on amsmath, use the `?' option.
("C:\Program Files\MiKTeX 2.9\tex\latex\amsmath\amstext.sty"
Package: amstext 2000/06/29 v2.01 AMS text

("C:\Program Files\MiKTeX 2.9\tex\latex\amsmath\amsgen.sty"
File: amsgen.sty 1999/11/30 v2.0 generic functions
\@emptytoks=\toks18
\ex@=\dimen114
))
("C:\Program Files\MiKTeX 2.9\tex\latex\amsmath\amsbsy.sty"
Package: amsbsy 1999/11/29 v1.2d Bold Symbols
\pmbraise@=\dimen115
)
("C:\Program Files\MiKTeX 2.9\tex\latex\amsmath\amsopn.sty"
Package: amsopn 2016/03/08 v2.02 operator names
)
\inf@bad=\count96
LaTeX Info: Redefining \frac on input line 213.
\uproot@=\count97
\leftroot@=\count98
LaTeX Info: Redefining \overline on input line 375.
\classnum@=\count99
\DOTSCASE@=\count100
LaTeX Info: Redefining \ldots on input line 472.
LaTeX Info: Redefining \dots on input line 475.
LaTeX Info: Redefining \cdots on input line 596.
\Mathstrutbox@=\box52
\strutbox@=\box53
\big@size=\dimen116
LaTeX Font Info:    Redeclaring font encoding OML on input line 712.
LaTeX Font Info:    Redeclaring font encoding OMS on input line 713.
\macc@depth=\count101
\c@MaxMatrixCols=\count102
\dotsspace@=\muskip10
\c@parentequation=\count103
\dspbrk@lvl=\count104
\tag@help=\toks19
\row@=\count105
\column@=\count106
\maxfields@=\count107
\andhelp@=\toks20
\eqnshift@=\dimen117
\alignsep@=\dimen118
\tagshift@=\dimen119
\tagwidth@=\dimen120
\totwidth@=\dimen121
\lineht@=\dimen122
\@envbody=\toks21
\multlinegap=\skip46
\multlinetaggap=\skip47
\mathdisplay@stack=\toks22
LaTeX Info: Redefining \[ on input line 2817.
LaTeX Info: Redefining \] on input line 2818.
)
("C:\Program Files\MiKTeX 2.9\tex\latex\amsfonts\amssymb.sty"
Package: amssymb 2013/01/14 v3.01 AMS font symbols
)
("C:\Program Files\MiKTeX 2.9\tex\latex\geometry\geometry.sty"
Package: geometry 2010/09/12 v5.6 Page Geometry

("C:\Program Files\MiKTeX 2.9\tex\generic\oberdiek\ifpdf.sty"
Package: ifpdf 2017/03/15 v3.2 Provides the ifpdf switch
)
("C:\Program Files\MiKTeX 2.9\tex\generic\oberdiek\ifvtex.sty"
Package: ifvtex 2016/05/16 v1.6 Detect VTeX and its facilities (HO)
Package ifvtex Info: VTeX not detected.
)
("C:\Program Files\MiKTeX 2.9\tex\generic\ifxetex\ifxetex.sty"
Package: ifxetex 2010/09/12 v0.6 Provides ifxetex conditional
)
\Gm@cnth=\count108
\Gm@cntv=\count109
\c@Gm@tempcnt=\count110
\Gm@bindingoffset=\dimen123
\Gm@wd@mp=\dimen124
\Gm@odd@mp=\dimen125
\Gm@even@mp=\dimen126
\Gm@layoutwidth=\dimen127
\Gm@layoutheight=\dimen128
\Gm@layouthoffset=\dimen129
\Gm@layoutvoffset=\dimen130
\Gm@dimlist=\toks23

("C:\Program Files\MiKTeX 2.9\tex\xelatex\xetexconfig\geometry.cfg"))
\c@chapter=\count111
LaTeX Font Info:    Redeclaring math symbol \Gamma on input line 290.
LaTeX Font Info:    Redeclaring math symbol \Delta on input line 291.
LaTeX Font Info:    Redeclaring math symbol \Theta on input line 292.
LaTeX Font Info:    Redeclaring math symbol \Lambda on input line 293.
LaTeX Font Info:    Redeclaring math symbol \Xi on input line 294.
LaTeX Font Info:    Redeclaring math symbol \Pi on input line 295.
LaTeX Font Info:    Redeclaring math symbol \Sigma on input line 296.
LaTeX Font Info:    Redeclaring math symbol \Upsilon on input line 297.
LaTeX Font Info:    Redeclaring math symbol \Phi on input line 298.
LaTeX Font Info:    Redeclaring math symbol \Psi on input line 299.
LaTeX Font Info:    Redeclaring math symbol \Omega on input line 300.
\tocchpnum=\dimen131
\tocsecnum=\dimen132
\tocsectotal=\dimen133
\tocsubsecnum=\dimen134
\tocsubsectotal=\dimen135
\tocsubsubsecnum=\dimen136
\tocsubsubsectotal=\dimen137
\tocparanum=\dimen138
\tocparatotal=\dimen139
\tocsubparanum=\dimen140
\@tempcntc=\count112
\fnindent=\dimen141
\c@@inst=\count113
\c@@auth=\count114
\c@auco=\count115
\instindent=\dimen142
\authrun=\box54
\authorrunning=\toks24
\tocauthor=\toks25
\titrun=\box55
\titlerunning=\toks26
\toctitle=\toks27
\c@theorem=\count116
\c@case=\count117
\c@conjecture=\count118
\c@corollary=\count119
\c@definition=\count120
\c@example=\count121
\c@exercise=\count122
\c@lemma=\count123
\c@note=\count124
\c@problem=\count125
\c@property=\count126
\c@proposition=\count127
\c@question=\count128
\c@solution=\count129
\c@remark=\count130
\headlineindent=\dimen143

("C:\Program Files\MiKTeX 2.9\tex\latex\fancyhdr\fancyhdr.sty"
Package: fancyhdr 2017/06/30 v3.9a Extensive control of page headers and footer
s
\f@nch@headwidth=\skip48
\f@nch@O@elh=\skip49
\f@nch@O@erh=\skip50
\f@nch@O@olh=\skip51
\f@nch@O@orh=\skip52
\f@nch@O@elf=\skip53
\f@nch@O@erf=\skip54
\f@nch@O@olf=\skip55
\f@nch@O@orf=\skip56
)) (baocao.aux)
\openout1 = `baocao.aux'.

LaTeX Font Info:    Checking defaults for OML/cmm/m/it on input line 10.
LaTeX Font Info:    ... okay on input line 10.
LaTeX Font Info:    Checking defaults for T1/cmr/m/n on input line 10.
LaTeX Font Info:    ... okay on input line 10.
LaTeX Font Info:    Checking defaults for OT1/cmr/m/n on input line 10.
LaTeX Font Info:    ... okay on input line 10.
LaTeX Font Info:    Checking defaults for OMS/cmsy/m/n on input line 10.
LaTeX Font Info:    ... okay on input line 10.
LaTeX Font Info:    Checking defaults for TU/lmr/m/n on input line 10.
LaTeX Font Info:    ... okay on input line 10.
LaTeX Font Info:    Checking defaults for OMX/cmex/m/n on input line 10.
LaTeX Font Info:    ... okay on input line 10.
LaTeX Font Info:    Checking defaults for U/cmr/m/n on input line 10.
LaTeX Font Info:    ... okay on input line 10.
LaTeX Font Info:    Checking defaults for T5/cmr/m/n on input line 10.
LaTeX Font Info:    Try loading font information for T5+cmr on input line 10.

("C:\Program Files\MiKTeX 2.9\tex\latex\vntex\t5cmr.fd"
File: t5cmr.fd 1999/05/25 v2.5h Standard LaTeX font definitions
)
LaTeX Font Info:    ... okay on input line 10.

*geometry* detected driver: pdftex
*geometry* verbose mode - [ preamble ] result:
* driver: pdftex
* paper: a4paper
* layout: <same size as paper>
* layoutoffset:(h,v)=(0.0pt,0.0pt)
* modes: includehead includefoot twoside 
* h-part:(L,W,R)=(85.35826pt, 455.24411pt, 56.9055pt)
* v-part:(T,H,B)=(56.9055pt, 731.23584pt, 56.9055pt)
* \paperwidth=597.50787pt
* \paperheight=845.04684pt
* \textwidth=455.24411pt
* \textheight=664.23584pt
* \oddsidemargin=13.08827pt
* \evensidemargin=-15.36449pt
* \topmargin=-15.36449pt
* \headheight=12.0pt
* \headsep=25.0pt
* \topskip=10.0pt
* \footskip=30.0pt
* \marginparwidth=121.0pt
* \marginparsep=11.0pt
* \columnsep=10.0pt
* \skip\footins=9.0pt plus 4.0pt minus 2.0pt
* \hoffset=0.0pt
* \voffset=0.0pt
* \mag=1000
* \@twocolumnfalse
* \@twosidetrue
* \@mparswitchtrue
* \@reversemarginfalse
* (1in=72.27pt=25.4mm, 1cm=28.453pt)

Missing character: There is no Đ in font t5-lmbx12!
Missing character: There is no Ạ in font t5-lmbx12!
Missing character: There is no Ọ in font t5-lmbx12!
Missing character: There is no Ố in font t5-lmbx12!
Missing character: There is no Ồ in font t5-lmbx12!
Missing character: There is no Ư in font t5-lmbx12!
Missing character: There is no Ờ in font t5-lmbx12!
Missing character: There is no Đ in font t5-lmbx12!
Missing character: There is no Ạ in font t5-lmbx12!
Missing character: There is no Ọ in font t5-lmbx12!
File: hcmut.pdf Graphic file (type pdf)
<use hcmut.pdf>
Missing character: There is no Ậ in font t5-lmbx12!
Missing character: There is no Ớ in font t5-lmbx12!
Missing character: There is no Ơ in font t5-lmbx12!
Missing character: There is no Ở in font t5-lmbx12!
Missing character: There is no Ữ in font t5-lmbx12!
Missing character: There is no Ệ in font t5-lmbx12!
LaTeX Font Info:    Try loading font information for U+msa on input line 30.
("C:\Program Files\MiKTeX 2.9\tex\latex\amsfonts\umsa.fd"
File: umsa.fd 2013/01/14 v3.01 AMS symbols A
)
LaTeX Font Info:    Try loading font information for U+msb on input line 30.

("C:\Program Files\MiKTeX 2.9\tex\latex\amsfonts\umsb.fd"
File: umsb.fd 2013/01/14 v3.01 AMS symbols B
)
Missing character: There is no Ệ in font t5-lmr17!
Missing character: There is no Ự in font t5-lmr17!

Underfull \hbox (badness 10000) in paragraph at lines 35--36

 []

Missing character: There is no Đ in font t5-lmr10!
Missing character: There is no ặ in font t5-lmr10!
Missing character: There is no ầ in font t5-lmr10!
Missing character: There is no ự in font t5-lmbx10!
Missing character: There is no ệ in font t5-lmbx10!
Missing character: There is no ễ in font t5-lmr10!
Missing character: There is no ố in font t5-lmr10!

Overfull \hbox (17.2222pt too wide) in paragraph at lines 39--47
[][] [] 
 []

Missing character: There is no ồ in font t5-lmbx10!
[1

]
Missing character: There is no ụ in font t5-lmbx12!
Missing character: There is no ụ in font t5-lmbx12!
 (baocao.toc
Missing character: There is no ả in font t5-lmr10!
Missing character: There is no ự in font t5-lmr10!
Missing character: There is no ắ in font t5-lmr10!
Missing character: There is no ộ in font t5-lmr10!
Missing character: There is no ự in font t5-lmr10!
Missing character: There is no ứ in font t5-lmr10!
Missing character: There is no ấ in font t5-lmr10!
Missing character: There is no ứ in font t5-lmr10!
Missing character: There is no ứ in font t5-lmr10!
)
\tf@toc=\write3
\openout3 = `baocao.toc'.

 [2

]
Missing character: There is no ả in font t5-lmbx12!
Missing character: There is no ự in font t5-lmbx12!
Missing character: There is no ắ in font t5-lmbx12!
Missing character: There is no ộ in font t5-lmbx12!
Missing character: There is no ự in font t5-lmbx12!
Missing character: There is no ọ in font t5-lmr10!
Missing character: There is no ự in font t5-lmr10!
Missing character: There is no đ in font t5-lmr10!
Missing character: There is no ề in font t5-lmr10!
Missing character: There is no ở in font t5-lmr10!
Missing character: There is no ộ in font t5-lmr10!
Missing character: There is no ư in font t5-lmr10!
Missing character: There is no ờ in font t5-lmr10!
Missing character: There is no ứ in font t5-lmbx10!
Missing character: There is no ấ in font t5-lmbx10!
Missing character: There is no ứ in font t5-lmbx10!
Missing character: There is no ứ in font t5-lmbx10!
Missing character: There is no ộ in font t5-lmbx10!
Missing character: There is no ị in font t5-lmbx10!
 [3] (baocao.aux) ) 
Here is how much of TeX's memory you used:
 3159 strings out of 427839
 36608 string characters out of 3152538
 111108 words of memory out of 3000000
 7082 multiletter control sequences out of 15000+200000
 57358 words of font info for 50 fonts, out of 3000000 for 9000
 1328 hyphenation exceptions out of 8191
 35i,10n,45p,232b,224s stack positions out of 5000i,500n,10000p,200000b,50000s

Output written on baocao.pdf (3 pages).
